{"C:\\SoftwareDevelopment\\StudiIndependen_FullStackWeb\\CapstoneProject_Chap9_11\\backend-secondhand-kelompok2\\controllers\\ProductController.js": {"path":"C:\\SoftwareDevelopment\\StudiIndependen_FullStackWeb\\CapstoneProject_Chap9_11\\backend-secondhand-kelompok2\\controllers\\ProductController.js","statementMap":{"0":{"start":{"line":1,"column":53},"end":{"line":1,"column":73}},"1":{"start":{"line":3,"column":22},"end":{"line":18,"column":1}},"2":{"start":{"line":4,"column":4},"end":{"line":17,"column":5}},"3":{"start":{"line":5,"column":25},"end":{"line":7,"column":10}},"4":{"start":{"line":8,"column":8},"end":{"line":12,"column":10}},"5":{"start":{"line":14,"column":8},"end":{"line":16,"column":10}},"6":{"start":{"line":20,"column":19},"end":{"line":43,"column":1}},"7":{"start":{"line":21,"column":22},"end":{"line":21,"column":35}},"8":{"start":{"line":22,"column":4},"end":{"line":42,"column":5}},"9":{"start":{"line":23,"column":24},"end":{"line":32,"column":10}},"10":{"start":{"line":33,"column":8},"end":{"line":37,"column":10}},"11":{"start":{"line":39,"column":8},"end":{"line":41,"column":10}},"12":{"start":{"line":45,"column":25},"end":{"line":62,"column":1}},"13":{"start":{"line":46,"column":19},"end":{"line":46,"column":25}},"14":{"start":{"line":47,"column":4},"end":{"line":61,"column":5}},"15":{"start":{"line":48,"column":24},"end":{"line":48,"column":57}},"16":{"start":{"line":49,"column":24},"end":{"line":51,"column":10}},"17":{"start":{"line":52,"column":8},"end":{"line":56,"column":10}},"18":{"start":{"line":58,"column":8},"end":{"line":60,"column":10}},"19":{"start":{"line":64,"column":22},"end":{"line":104,"column":1}},"20":{"start":{"line":70,"column":8},"end":{"line":70,"column":16}},"21":{"start":{"line":71,"column":19},"end":{"line":71,"column":25}},"22":{"start":{"line":72,"column":18},"end":{"line":72,"column":31}},"23":{"start":{"line":73,"column":4},"end":{"line":73,"column":23}},"24":{"start":{"line":74,"column":4},"end":{"line":103,"column":5}},"25":{"start":{"line":75,"column":24},"end":{"line":75,"column":57}},"26":{"start":{"line":76,"column":26},"end":{"line":76,"column":36}},"27":{"start":{"line":77,"column":28},"end":{"line":79,"column":10}},"28":{"start":{"line":80,"column":8},"end":{"line":98,"column":9}},"29":{"start":{"line":81,"column":12},"end":{"line":84,"column":14}},"30":{"start":{"line":86,"column":12},"end":{"line":93,"column":14}},"31":{"start":{"line":94,"column":12},"end":{"line":97,"column":14}},"32":{"start":{"line":100,"column":8},"end":{"line":102,"column":10}},"33":{"start":{"line":106,"column":22},"end":{"line":135,"column":1}},"34":{"start":{"line":107,"column":22},"end":{"line":107,"column":35}},"35":{"start":{"line":113,"column":8},"end":{"line":113,"column":16}},"36":{"start":{"line":114,"column":18},"end":{"line":114,"column":31}},"37":{"start":{"line":115,"column":4},"end":{"line":134,"column":5}},"38":{"start":{"line":116,"column":24},"end":{"line":118,"column":10}},"39":{"start":{"line":119,"column":8},"end":{"line":125,"column":10}},"40":{"start":{"line":126,"column":8},"end":{"line":129,"column":10}},"41":{"start":{"line":131,"column":8},"end":{"line":133,"column":10}},"42":{"start":{"line":137,"column":22},"end":{"line":149,"column":1}},"43":{"start":{"line":138,"column":4},"end":{"line":148,"column":5}},"44":{"start":{"line":139,"column":26},"end":{"line":139,"column":39}},"45":{"start":{"line":140,"column":8},"end":{"line":142,"column":10}},"46":{"start":{"line":143,"column":8},"end":{"line":143,"column":29}},"47":{"start":{"line":145,"column":8},"end":{"line":147,"column":10}},"48":{"start":{"line":151,"column":26},"end":{"line":164,"column":1}},"49":{"start":{"line":152,"column":4},"end":{"line":163,"column":5}},"50":{"start":{"line":153,"column":25},"end":{"line":153,"column":51}},"51":{"start":{"line":154,"column":8},"end":{"line":158,"column":10}},"52":{"start":{"line":160,"column":8},"end":{"line":162,"column":10}},"53":{"start":{"line":166,"column":20},"end":{"line":190,"column":1}},"54":{"start":{"line":167,"column":20},"end":{"line":167,"column":26}},"55":{"start":{"line":168,"column":22},"end":{"line":168,"column":35}},"56":{"start":{"line":169,"column":4},"end":{"line":189,"column":5}},"57":{"start":{"line":170,"column":23},"end":{"line":174,"column":10}},"58":{"start":{"line":175,"column":25},"end":{"line":179,"column":10}},"59":{"start":{"line":180,"column":8},"end":{"line":184,"column":10}},"60":{"start":{"line":186,"column":8},"end":{"line":188,"column":10}},"61":{"start":{"line":192,"column":23},"end":{"line":209,"column":1}},"62":{"start":{"line":193,"column":23},"end":{"line":193,"column":36}},"63":{"start":{"line":194,"column":4},"end":{"line":208,"column":5}},"64":{"start":{"line":195,"column":8},"end":{"line":199,"column":10}},"65":{"start":{"line":200,"column":8},"end":{"line":203,"column":10}},"66":{"start":{"line":205,"column":8},"end":{"line":207,"column":10}},"67":{"start":{"line":211,"column":20},"end":{"line":233,"column":1}},"68":{"start":{"line":212,"column":20},"end":{"line":212,"column":26}},"69":{"start":{"line":213,"column":4},"end":{"line":232,"column":5}},"70":{"start":{"line":214,"column":25},"end":{"line":222,"column":10}},"71":{"start":{"line":223,"column":8},"end":{"line":227,"column":10}},"72":{"start":{"line":229,"column":8},"end":{"line":231,"column":10}},"73":{"start":{"line":235,"column":29},"end":{"line":257,"column":1}},"74":{"start":{"line":236,"column":21},"end":{"line":236,"column":27}},"75":{"start":{"line":237,"column":4},"end":{"line":256,"column":5}},"76":{"start":{"line":238,"column":25},"end":{"line":246,"column":10}},"77":{"start":{"line":247,"column":8},"end":{"line":251,"column":10}},"78":{"start":{"line":253,"column":8},"end":{"line":255,"column":10}},"79":{"start":{"line":259,"column":28},"end":{"line":265,"column":1}},"80":{"start":{"line":260,"column":4},"end":{"line":264,"column":6}},"81":{"start":{"line":267,"column":0},"end":{"line":279,"column":1}}},"fnMap":{"0":{"name":"(anonymous_0)","decl":{"start":{"line":3,"column":22},"end":{"line":3,"column":23}},"loc":{"start":{"line":3,"column":42},"end":{"line":18,"column":1}},"line":3},"1":{"name":"(anonymous_1)","decl":{"start":{"line":20,"column":19},"end":{"line":20,"column":20}},"loc":{"start":{"line":20,"column":39},"end":{"line":43,"column":1}},"line":20},"2":{"name":"(anonymous_2)","decl":{"start":{"line":45,"column":25},"end":{"line":45,"column":26}},"loc":{"start":{"line":45,"column":45},"end":{"line":62,"column":1}},"line":45},"3":{"name":"(anonymous_3)","decl":{"start":{"line":64,"column":22},"end":{"line":64,"column":23}},"loc":{"start":{"line":64,"column":42},"end":{"line":104,"column":1}},"line":64},"4":{"name":"(anonymous_4)","decl":{"start":{"line":106,"column":22},"end":{"line":106,"column":23}},"loc":{"start":{"line":106,"column":42},"end":{"line":135,"column":1}},"line":106},"5":{"name":"(anonymous_5)","decl":{"start":{"line":137,"column":22},"end":{"line":137,"column":23}},"loc":{"start":{"line":137,"column":42},"end":{"line":149,"column":1}},"line":137},"6":{"name":"(anonymous_6)","decl":{"start":{"line":151,"column":26},"end":{"line":151,"column":27}},"loc":{"start":{"line":151,"column":46},"end":{"line":164,"column":1}},"line":151},"7":{"name":"(anonymous_7)","decl":{"start":{"line":166,"column":20},"end":{"line":166,"column":21}},"loc":{"start":{"line":166,"column":40},"end":{"line":190,"column":1}},"line":166},"8":{"name":"(anonymous_8)","decl":{"start":{"line":192,"column":23},"end":{"line":192,"column":24}},"loc":{"start":{"line":192,"column":43},"end":{"line":209,"column":1}},"line":192},"9":{"name":"(anonymous_9)","decl":{"start":{"line":211,"column":20},"end":{"line":211,"column":21}},"loc":{"start":{"line":211,"column":40},"end":{"line":233,"column":1}},"line":211},"10":{"name":"(anonymous_10)","decl":{"start":{"line":235,"column":29},"end":{"line":235,"column":30}},"loc":{"start":{"line":235,"column":49},"end":{"line":257,"column":1}},"line":235},"11":{"name":"(anonymous_11)","decl":{"start":{"line":259,"column":28},"end":{"line":259,"column":29}},"loc":{"start":{"line":259,"column":36},"end":{"line":265,"column":1}},"line":259}},"branchMap":{"0":{"loc":{"start":{"line":80,"column":8},"end":{"line":98,"column":9}},"type":"if","locations":[{"start":{"line":80,"column":8},"end":{"line":98,"column":9}},{"start":{"line":85,"column":15},"end":{"line":98,"column":9}}],"line":80}},"s":{"0":1,"1":1,"2":2,"3":2,"4":1,"5":2,"6":1,"7":2,"8":2,"9":2,"10":1,"11":2,"12":1,"13":2,"14":2,"15":2,"16":2,"17":0,"18":2,"19":1,"20":1,"21":1,"22":1,"23":1,"24":1,"25":1,"26":0,"27":0,"28":0,"29":0,"30":0,"31":0,"32":1,"33":1,"34":2,"35":2,"36":2,"37":2,"38":2,"39":2,"40":0,"41":2,"42":1,"43":2,"44":2,"45":2,"46":1,"47":2,"48":1,"49":2,"50":2,"51":1,"52":2,"53":1,"54":2,"55":2,"56":2,"57":2,"58":2,"59":0,"60":2,"61":1,"62":0,"63":0,"64":0,"65":0,"66":0,"67":1,"68":2,"69":2,"70":2,"71":1,"72":2,"73":1,"74":2,"75":2,"76":2,"77":1,"78":2,"79":1,"80":3,"81":1},"f":{"0":2,"1":2,"2":2,"3":1,"4":2,"5":2,"6":2,"7":2,"8":0,"9":2,"10":2,"11":3},"b":{"0":[0,0]},"_coverageSchema":"1a1c01bbd47fc00a2c39e90264f33305004495a9","hash":"9e4b49ccb4f4804bc2b84644d58f8c86a78b2957"}
,"C:\\SoftwareDevelopment\\StudiIndependen_FullStackWeb\\CapstoneProject_Chap9_11\\backend-secondhand-kelompok2\\controllers\\TransactionController.js": {"path":"C:\\SoftwareDevelopment\\StudiIndependen_FullStackWeb\\CapstoneProject_Chap9_11\\backend-secondhand-kelompok2\\controllers\\TransactionController.js","statementMap":{"0":{"start":{"line":1,"column":45},"end":{"line":1,"column":65}},"1":{"start":{"line":3,"column":0},"end":{"line":8,"column":1}},"2":{"start":{"line":10,"column":26},"end":{"line":38,"column":1}},"3":{"start":{"line":11,"column":26},"end":{"line":11,"column":39}},"4":{"start":{"line":13,"column":4},"end":{"line":37,"column":5}},"5":{"start":{"line":14,"column":28},"end":{"line":22,"column":10}},"6":{"start":{"line":23,"column":24},"end":{"line":27,"column":10}},"7":{"start":{"line":28,"column":8},"end":{"line":32,"column":10}},"8":{"start":{"line":34,"column":8},"end":{"line":36,"column":10}},"9":{"start":{"line":40,"column":23},"end":{"line":67,"column":1}},"10":{"start":{"line":41,"column":21},"end":{"line":41,"column":27}},"11":{"start":{"line":43,"column":4},"end":{"line":66,"column":5}},"12":{"start":{"line":44,"column":28},"end":{"line":56,"column":10}},"13":{"start":{"line":57,"column":8},"end":{"line":61,"column":10}},"14":{"start":{"line":63,"column":8},"end":{"line":65,"column":10}},"15":{"start":{"line":69,"column":22},"end":{"line":93,"column":1}},"16":{"start":{"line":70,"column":20},"end":{"line":70,"column":26}},"17":{"start":{"line":72,"column":4},"end":{"line":92,"column":5}},"18":{"start":{"line":73,"column":27},"end":{"line":82,"column":10}},"19":{"start":{"line":83,"column":8},"end":{"line":87,"column":10}},"20":{"start":{"line":89,"column":8},"end":{"line":91,"column":10}},"21":{"start":{"line":95,"column":35},"end":{"line":119,"column":1}},"22":{"start":{"line":96,"column":20},"end":{"line":96,"column":26}},"23":{"start":{"line":98,"column":4},"end":{"line":118,"column":5}},"24":{"start":{"line":99,"column":24},"end":{"line":108,"column":10}},"25":{"start":{"line":109,"column":8},"end":{"line":113,"column":10}},"26":{"start":{"line":115,"column":8},"end":{"line":117,"column":10}},"27":{"start":{"line":121,"column":36},"end":{"line":147,"column":1}},"28":{"start":{"line":122,"column":21},"end":{"line":122,"column":27}},"29":{"start":{"line":124,"column":4},"end":{"line":146,"column":5}},"30":{"start":{"line":125,"column":24},"end":{"line":136,"column":10}},"31":{"start":{"line":137,"column":8},"end":{"line":141,"column":10}},"32":{"start":{"line":143,"column":8},"end":{"line":145,"column":10}},"33":{"start":{"line":149,"column":19},"end":{"line":182,"column":1}},"34":{"start":{"line":150,"column":20},"end":{"line":150,"column":26}},"35":{"start":{"line":151,"column":22},"end":{"line":151,"column":35}},"36":{"start":{"line":152,"column":24},"end":{"line":152,"column":44}},"37":{"start":{"line":154,"column":4},"end":{"line":181,"column":5}},"38":{"start":{"line":155,"column":22},"end":{"line":159,"column":10}},"39":{"start":{"line":160,"column":8},"end":{"line":176,"column":9}},"40":{"start":{"line":161,"column":12},"end":{"line":164,"column":14}},"41":{"start":{"line":166,"column":12},"end":{"line":171,"column":14}},"42":{"start":{"line":172,"column":12},"end":{"line":175,"column":14}},"43":{"start":{"line":178,"column":8},"end":{"line":180,"column":10}},"44":{"start":{"line":184,"column":26},"end":{"line":201,"column":1}},"45":{"start":{"line":185,"column":26},"end":{"line":185,"column":39}},"46":{"start":{"line":187,"column":4},"end":{"line":200,"column":5}},"47":{"start":{"line":188,"column":28},"end":{"line":188,"column":72}},"48":{"start":{"line":189,"column":8},"end":{"line":191,"column":10}},"49":{"start":{"line":192,"column":8},"end":{"line":195,"column":10}},"50":{"start":{"line":197,"column":8},"end":{"line":199,"column":10}},"51":{"start":{"line":203,"column":26},"end":{"line":220,"column":1}},"52":{"start":{"line":204,"column":26},"end":{"line":204,"column":39}},"53":{"start":{"line":206,"column":4},"end":{"line":219,"column":5}},"54":{"start":{"line":207,"column":28},"end":{"line":207,"column":72}},"55":{"start":{"line":208,"column":8},"end":{"line":210,"column":10}},"56":{"start":{"line":211,"column":8},"end":{"line":214,"column":10}},"57":{"start":{"line":216,"column":8},"end":{"line":218,"column":10}},"58":{"start":{"line":222,"column":27},"end":{"line":239,"column":1}},"59":{"start":{"line":223,"column":26},"end":{"line":223,"column":39}},"60":{"start":{"line":225,"column":4},"end":{"line":238,"column":5}},"61":{"start":{"line":226,"column":28},"end":{"line":226,"column":72}},"62":{"start":{"line":227,"column":8},"end":{"line":229,"column":10}},"63":{"start":{"line":230,"column":8},"end":{"line":233,"column":10}},"64":{"start":{"line":235,"column":8},"end":{"line":237,"column":10}},"65":{"start":{"line":241,"column":32},"end":{"line":247,"column":1}},"66":{"start":{"line":242,"column":4},"end":{"line":246,"column":6}},"67":{"start":{"line":249,"column":0},"end":{"line":259,"column":1}}},"fnMap":{"0":{"name":"(anonymous_0)","decl":{"start":{"line":10,"column":26},"end":{"line":10,"column":27}},"loc":{"start":{"line":10,"column":46},"end":{"line":38,"column":1}},"line":10},"1":{"name":"(anonymous_1)","decl":{"start":{"line":40,"column":23},"end":{"line":40,"column":24}},"loc":{"start":{"line":40,"column":43},"end":{"line":67,"column":1}},"line":40},"2":{"name":"(anonymous_2)","decl":{"start":{"line":69,"column":22},"end":{"line":69,"column":23}},"loc":{"start":{"line":69,"column":42},"end":{"line":93,"column":1}},"line":69},"3":{"name":"(anonymous_3)","decl":{"start":{"line":95,"column":35},"end":{"line":95,"column":36}},"loc":{"start":{"line":95,"column":55},"end":{"line":119,"column":1}},"line":95},"4":{"name":"(anonymous_4)","decl":{"start":{"line":121,"column":36},"end":{"line":121,"column":37}},"loc":{"start":{"line":121,"column":56},"end":{"line":147,"column":1}},"line":121},"5":{"name":"(anonymous_5)","decl":{"start":{"line":149,"column":19},"end":{"line":149,"column":20}},"loc":{"start":{"line":149,"column":39},"end":{"line":182,"column":1}},"line":149},"6":{"name":"(anonymous_6)","decl":{"start":{"line":184,"column":26},"end":{"line":184,"column":27}},"loc":{"start":{"line":184,"column":46},"end":{"line":201,"column":1}},"line":184},"7":{"name":"(anonymous_7)","decl":{"start":{"line":203,"column":26},"end":{"line":203,"column":27}},"loc":{"start":{"line":203,"column":46},"end":{"line":220,"column":1}},"line":203},"8":{"name":"(anonymous_8)","decl":{"start":{"line":222,"column":27},"end":{"line":222,"column":28}},"loc":{"start":{"line":222,"column":47},"end":{"line":239,"column":1}},"line":222},"9":{"name":"(anonymous_9)","decl":{"start":{"line":241,"column":32},"end":{"line":241,"column":33}},"loc":{"start":{"line":241,"column":40},"end":{"line":247,"column":1}},"line":241}},"branchMap":{"0":{"loc":{"start":{"line":160,"column":8},"end":{"line":176,"column":9}},"type":"if","locations":[{"start":{"line":160,"column":8},"end":{"line":176,"column":9}},{"start":{"line":165,"column":15},"end":{"line":176,"column":9}}],"line":160},"1":{"loc":{"start":{"line":160,"column":12},"end":{"line":160,"column":58}},"type":"binary-expr","locations":[{"start":{"line":160,"column":12},"end":{"line":160,"column":34}},{"start":{"line":160,"column":38},"end":{"line":160,"column":58}}],"line":160}},"s":{"0":1,"1":1,"2":1,"3":2,"4":2,"5":2,"6":1,"7":1,"8":2,"9":1,"10":2,"11":2,"12":2,"13":1,"14":2,"15":1,"16":2,"17":2,"18":2,"19":1,"20":2,"21":1,"22":2,"23":2,"24":2,"25":1,"26":2,"27":1,"28":2,"29":2,"30":2,"31":1,"32":2,"33":1,"34":3,"35":3,"36":3,"37":3,"38":3,"39":3,"40":0,"41":3,"42":3,"43":3,"44":1,"45":2,"46":2,"47":2,"48":1,"49":0,"50":2,"51":1,"52":2,"53":2,"54":2,"55":2,"56":0,"57":2,"58":1,"59":0,"60":0,"61":0,"62":0,"63":0,"64":0,"65":1,"66":4,"67":1},"f":{"0":2,"1":2,"2":2,"3":2,"4":2,"5":3,"6":2,"7":2,"8":0,"9":4},"b":{"0":[0,3],"1":[3,3]},"_coverageSchema":"1a1c01bbd47fc00a2c39e90264f33305004495a9","hash":"c4dae1c8fd6542660e46e3ca354b5e99fe0a8a4b"}
,"C:\\SoftwareDevelopment\\StudiIndependen_FullStackWeb\\CapstoneProject_Chap9_11\\backend-secondhand-kelompok2\\controllers\\UserController.js": {"path":"C:\\SoftwareDevelopment\\StudiIndependen_FullStackWeb\\CapstoneProject_Chap9_11\\backend-secondhand-kelompok2\\controllers\\UserController.js","statementMap":{"0":{"start":{"line":1,"column":28},"end":{"line":1,"column":48}},"1":{"start":{"line":2,"column":15},"end":{"line":2,"column":32}},"2":{"start":{"line":3,"column":34},"end":{"line":3,"column":68}},"3":{"start":{"line":5,"column":17},"end":{"line":28,"column":1}},"4":{"start":{"line":6,"column":2},"end":{"line":27,"column":3}},"5":{"start":{"line":7,"column":18},"end":{"line":14,"column":6}},"6":{"start":{"line":15,"column":4},"end":{"line":15,"column":20}},"7":{"start":{"line":16,"column":4},"end":{"line":20,"column":7}},"8":{"start":{"line":22,"column":4},"end":{"line":26,"column":7}},"9":{"start":{"line":30,"column":20},"end":{"line":66,"column":1}},"10":{"start":{"line":31,"column":17},"end":{"line":31,"column":30}},"11":{"start":{"line":32,"column":2},"end":{"line":65,"column":3}},"12":{"start":{"line":33,"column":18},"end":{"line":43,"column":6}},"13":{"start":{"line":44,"column":4},"end":{"line":57,"column":5}},"14":{"start":{"line":45,"column":6},"end":{"line":45,"column":22}},"15":{"start":{"line":46,"column":6},"end":{"line":49,"column":9}},"16":{"start":{"line":51,"column":6},"end":{"line":51,"column":22}},"17":{"start":{"line":52,"column":6},"end":{"line":56,"column":9}},"18":{"start":{"line":59,"column":4},"end":{"line":59,"column":20}},"19":{"start":{"line":60,"column":4},"end":{"line":64,"column":7}},"20":{"start":{"line":68,"column":17},"end":{"line":112,"column":1}},"21":{"start":{"line":69,"column":42},"end":{"line":69,"column":50}},"22":{"start":{"line":70,"column":2},"end":{"line":73,"column":3}},"23":{"start":{"line":71,"column":4},"end":{"line":71,"column":20}},"24":{"start":{"line":72,"column":4},"end":{"line":72,"column":71}},"25":{"start":{"line":74,"column":15},"end":{"line":74,"column":37}},"26":{"start":{"line":75,"column":23},"end":{"line":75,"column":56}},"27":{"start":{"line":76,"column":2},"end":{"line":111,"column":3}},"28":{"start":{"line":77,"column":30},"end":{"line":81,"column":6}},"29":{"start":{"line":82,"column":4},"end":{"line":88,"column":5}},"30":{"start":{"line":83,"column":6},"end":{"line":83,"column":22}},"31":{"start":{"line":84,"column":6},"end":{"line":87,"column":9}},"32":{"start":{"line":89,"column":17},"end":{"line":93,"column":6}},"33":{"start":{"line":94,"column":4},"end":{"line":97,"column":7}},"34":{"start":{"line":98,"column":4},"end":{"line":98,"column":20}},"35":{"start":{"line":99,"column":4},"end":{"line":103,"column":7}},"36":{"start":{"line":105,"column":4},"end":{"line":105,"column":20}},"37":{"start":{"line":106,"column":4},"end":{"line":110,"column":7}},"38":{"start":{"line":114,"column":14},"end":{"line":146,"column":1}},"39":{"start":{"line":115,"column":2},"end":{"line":145,"column":3}},"40":{"start":{"line":116,"column":17},"end":{"line":120,"column":6}},"41":{"start":{"line":121,"column":4},"end":{"line":127,"column":5}},"42":{"start":{"line":122,"column":6},"end":{"line":122,"column":22}},"43":{"start":{"line":123,"column":6},"end":{"line":126,"column":9}},"44":{"start":{"line":128,"column":18},"end":{"line":128,"column":72}},"45":{"start":{"line":129,"column":4},"end":{"line":135,"column":5}},"46":{"start":{"line":130,"column":6},"end":{"line":130,"column":22}},"47":{"start":{"line":131,"column":6},"end":{"line":134,"column":9}},"48":{"start":{"line":136,"column":4},"end":{"line":136,"column":67}},"49":{"start":{"line":137,"column":4},"end":{"line":137,"column":24}},"50":{"start":{"line":139,"column":4},"end":{"line":139,"column":20}},"51":{"start":{"line":140,"column":4},"end":{"line":144,"column":7}},"52":{"start":{"line":148,"column":15},"end":{"line":158,"column":1}},"53":{"start":{"line":149,"column":2},"end":{"line":157,"column":3}},"54":{"start":{"line":150,"column":4},"end":{"line":150,"column":25}},"55":{"start":{"line":152,"column":4},"end":{"line":156,"column":7}},"56":{"start":{"line":160,"column":15},"end":{"line":184,"column":1}},"57":{"start":{"line":161,"column":23},"end":{"line":161,"column":47}},"58":{"start":{"line":162,"column":2},"end":{"line":183,"column":3}},"59":{"start":{"line":163,"column":4},"end":{"line":165,"column":5}},"60":{"start":{"line":164,"column":6},"end":{"line":164,"column":33}},"61":{"start":{"line":167,"column":4},"end":{"line":167,"column":35}},"62":{"start":{"line":168,"column":4},"end":{"line":168,"column":36}},"63":{"start":{"line":169,"column":4},"end":{"line":169,"column":17}},"64":{"start":{"line":170,"column":4},"end":{"line":170,"column":20}},"65":{"start":{"line":171,"column":4},"end":{"line":175,"column":7}},"66":{"start":{"line":177,"column":4},"end":{"line":177,"column":20}},"67":{"start":{"line":178,"column":4},"end":{"line":182,"column":7}},"68":{"start":{"line":186,"column":22},"end":{"line":226,"column":1}},"69":{"start":{"line":187,"column":41},"end":{"line":187,"column":49}},"70":{"start":{"line":188,"column":16},"end":{"line":188,"column":29}},"71":{"start":{"line":189,"column":2},"end":{"line":225,"column":3}},"72":{"start":{"line":190,"column":4},"end":{"line":196,"column":5}},"73":{"start":{"line":191,"column":6},"end":{"line":191,"column":22}},"74":{"start":{"line":192,"column":6},"end":{"line":195,"column":9}},"75":{"start":{"line":198,"column":4},"end":{"line":205,"column":6}},"76":{"start":{"line":206,"column":24},"end":{"line":211,"column":6}},"77":{"start":{"line":212,"column":4},"end":{"line":212,"column":20}},"78":{"start":{"line":213,"column":4},"end":{"line":217,"column":7}},"79":{"start":{"line":219,"column":4},"end":{"line":219,"column":20}},"80":{"start":{"line":220,"column":4},"end":{"line":224,"column":7}},"81":{"start":{"line":228,"column":19},"end":{"line":264,"column":1}},"82":{"start":{"line":229,"column":19},"end":{"line":229,"column":27}},"83":{"start":{"line":230,"column":2},"end":{"line":263,"column":3}},"84":{"start":{"line":231,"column":4},"end":{"line":234,"column":5}},"85":{"start":{"line":232,"column":6},"end":{"line":232,"column":22}},"86":{"start":{"line":233,"column":6},"end":{"line":233,"column":74}},"87":{"start":{"line":235,"column":4},"end":{"line":238,"column":5}},"88":{"start":{"line":236,"column":6},"end":{"line":236,"column":22}},"89":{"start":{"line":237,"column":6},"end":{"line":237,"column":71}},"90":{"start":{"line":239,"column":4},"end":{"line":246,"column":6}},"91":{"start":{"line":247,"column":24},"end":{"line":249,"column":6}},"92":{"start":{"line":250,"column":4},"end":{"line":250,"column":20}},"93":{"start":{"line":251,"column":4},"end":{"line":255,"column":7}},"94":{"start":{"line":257,"column":4},"end":{"line":257,"column":20}},"95":{"start":{"line":258,"column":4},"end":{"line":262,"column":7}},"96":{"start":{"line":266,"column":0},"end":{"line":275,"column":2}}},"fnMap":{"0":{"name":"(anonymous_0)","decl":{"start":{"line":5,"column":17},"end":{"line":5,"column":18}},"loc":{"start":{"line":5,"column":37},"end":{"line":28,"column":1}},"line":5},"1":{"name":"(anonymous_1)","decl":{"start":{"line":30,"column":20},"end":{"line":30,"column":21}},"loc":{"start":{"line":30,"column":40},"end":{"line":66,"column":1}},"line":30},"2":{"name":"(anonymous_2)","decl":{"start":{"line":68,"column":17},"end":{"line":68,"column":18}},"loc":{"start":{"line":68,"column":37},"end":{"line":112,"column":1}},"line":68},"3":{"name":"(anonymous_3)","decl":{"start":{"line":114,"column":14},"end":{"line":114,"column":15}},"loc":{"start":{"line":114,"column":34},"end":{"line":146,"column":1}},"line":114},"4":{"name":"(anonymous_4)","decl":{"start":{"line":148,"column":15},"end":{"line":148,"column":16}},"loc":{"start":{"line":148,"column":35},"end":{"line":158,"column":1}},"line":148},"5":{"name":"(anonymous_5)","decl":{"start":{"line":160,"column":15},"end":{"line":160,"column":16}},"loc":{"start":{"line":160,"column":35},"end":{"line":184,"column":1}},"line":160},"6":{"name":"(anonymous_6)","decl":{"start":{"line":186,"column":22},"end":{"line":186,"column":23}},"loc":{"start":{"line":186,"column":42},"end":{"line":226,"column":1}},"line":186},"7":{"name":"(anonymous_7)","decl":{"start":{"line":228,"column":19},"end":{"line":228,"column":20}},"loc":{"start":{"line":228,"column":39},"end":{"line":264,"column":1}},"line":228}},"branchMap":{"0":{"loc":{"start":{"line":44,"column":4},"end":{"line":57,"column":5}},"type":"if","locations":[{"start":{"line":44,"column":4},"end":{"line":57,"column":5}},{"start":{"line":50,"column":11},"end":{"line":57,"column":5}}],"line":44},"1":{"loc":{"start":{"line":70,"column":2},"end":{"line":73,"column":3}},"type":"if","locations":[{"start":{"line":70,"column":2},"end":{"line":73,"column":3}},{"start":{},"end":{}}],"line":70},"2":{"loc":{"start":{"line":70,"column":6},"end":{"line":70,"column":43}},"type":"binary-expr","locations":[{"start":{"line":70,"column":6},"end":{"line":70,"column":11}},{"start":{"line":70,"column":15},"end":{"line":70,"column":21}},{"start":{"line":70,"column":25},"end":{"line":70,"column":34}},{"start":{"line":70,"column":38},"end":{"line":70,"column":43}}],"line":70},"3":{"loc":{"start":{"line":82,"column":4},"end":{"line":88,"column":5}},"type":"if","locations":[{"start":{"line":82,"column":4},"end":{"line":88,"column":5}},{"start":{},"end":{}}],"line":82},"4":{"loc":{"start":{"line":121,"column":4},"end":{"line":127,"column":5}},"type":"if","locations":[{"start":{"line":121,"column":4},"end":{"line":127,"column":5}},{"start":{},"end":{}}],"line":121},"5":{"loc":{"start":{"line":129,"column":4},"end":{"line":135,"column":5}},"type":"if","locations":[{"start":{"line":129,"column":4},"end":{"line":135,"column":5}},{"start":{},"end":{}}],"line":129},"6":{"loc":{"start":{"line":163,"column":4},"end":{"line":165,"column":5}},"type":"if","locations":[{"start":{"line":163,"column":4},"end":{"line":165,"column":5}},{"start":{},"end":{}}],"line":163},"7":{"loc":{"start":{"line":190,"column":4},"end":{"line":196,"column":5}},"type":"if","locations":[{"start":{"line":190,"column":4},"end":{"line":196,"column":5}},{"start":{},"end":{}}],"line":190},"8":{"loc":{"start":{"line":231,"column":4},"end":{"line":234,"column":5}},"type":"if","locations":[{"start":{"line":231,"column":4},"end":{"line":234,"column":5}},{"start":{},"end":{}}],"line":231},"9":{"loc":{"start":{"line":235,"column":4},"end":{"line":238,"column":5}},"type":"if","locations":[{"start":{"line":235,"column":4},"end":{"line":238,"column":5}},{"start":{},"end":{}}],"line":235}},"s":{"0":1,"1":1,"2":1,"3":1,"4":2,"5":2,"6":1,"7":1,"8":1,"9":1,"10":3,"11":3,"12":3,"13":2,"14":1,"15":1,"16":1,"17":1,"18":1,"19":1,"20":1,"21":4,"22":4,"23":1,"24":1,"25":3,"26":3,"27":3,"28":3,"29":3,"30":1,"31":1,"32":2,"33":1,"34":1,"35":1,"36":1,"37":1,"38":1,"39":4,"40":4,"41":3,"42":1,"43":1,"44":2,"45":2,"46":1,"47":1,"48":1,"49":1,"50":1,"51":1,"52":1,"53":3,"54":3,"55":0,"56":1,"57":2,"58":2,"59":2,"60":1,"61":1,"62":0,"63":0,"64":0,"65":0,"66":1,"67":1,"68":1,"69":3,"70":3,"71":3,"72":3,"73":3,"74":3,"75":0,"76":0,"77":0,"78":0,"79":0,"80":0,"81":1,"82":4,"83":4,"84":4,"85":1,"86":1,"87":3,"88":3,"89":3,"90":0,"91":0,"92":0,"93":0,"94":0,"95":0,"96":1},"f":{"0":2,"1":3,"2":4,"3":4,"4":3,"5":2,"6":3,"7":4},"b":{"0":[1,1],"1":[1,3],"2":[4,3,3,3],"3":[1,2],"4":[1,2],"5":[1,1],"6":[1,1],"7":[3,0],"8":[1,3],"9":[3,0]},"_coverageSchema":"1a1c01bbd47fc00a2c39e90264f33305004495a9","hash":"bafdb52e90b8e715d6b9ec4e3ea45e93d13555ef"}
,"C:\\SoftwareDevelopment\\StudiIndependen_FullStackWeb\\CapstoneProject_Chap9_11\\backend-secondhand-kelompok2\\models\\categories.js": {"path":"C:\\SoftwareDevelopment\\StudiIndependen_FullStackWeb\\CapstoneProject_Chap9_11\\backend-secondhand-kelompok2\\models\\categories.js","statementMap":{"0":{"start":{"line":4,"column":4},"end":{"line":4,"column":24}},"1":{"start":{"line":5,"column":0},"end":{"line":25,"column":2}},"2":{"start":{"line":13,"column":6},"end":{"line":15,"column":9}},"3":{"start":{"line":18,"column":2},"end":{"line":23,"column":5}},"4":{"start":{"line":24,"column":2},"end":{"line":24,"column":20}}},"fnMap":{"0":{"name":"(anonymous_0)","decl":{"start":{"line":5,"column":17},"end":{"line":5,"column":18}},"loc":{"start":{"line":5,"column":43},"end":{"line":25,"column":1}},"line":5},"1":{"name":"(anonymous_1)","decl":{"start":{"line":12,"column":4},"end":{"line":12,"column":5}},"loc":{"start":{"line":12,"column":29},"end":{"line":16,"column":5}},"line":12}},"branchMap":{},"s":{"0":3,"1":3,"2":3,"3":3,"4":3},"f":{"0":3,"1":3},"b":{},"_coverageSchema":"1a1c01bbd47fc00a2c39e90264f33305004495a9","hash":"f9bdd7604c180dc1970834cf6f73422284b13974"}
,"C:\\SoftwareDevelopment\\StudiIndependen_FullStackWeb\\CapstoneProject_Chap9_11\\backend-secondhand-kelompok2\\models\\products.js": {"path":"C:\\SoftwareDevelopment\\StudiIndependen_FullStackWeb\\CapstoneProject_Chap9_11\\backend-secondhand-kelompok2\\models\\products.js","statementMap":{"0":{"start":{"line":4,"column":4},"end":{"line":4,"column":24}},"1":{"start":{"line":5,"column":0},"end":{"line":38,"column":2}},"2":{"start":{"line":13,"column":6},"end":{"line":13,"column":38}},"3":{"start":{"line":15,"column":6},"end":{"line":15,"column":40}},"4":{"start":{"line":17,"column":6},"end":{"line":19,"column":9}},"5":{"start":{"line":21,"column":6},"end":{"line":23,"column":9}},"6":{"start":{"line":26,"column":2},"end":{"line":36,"column":5}},"7":{"start":{"line":37,"column":2},"end":{"line":37,"column":18}}},"fnMap":{"0":{"name":"(anonymous_0)","decl":{"start":{"line":5,"column":17},"end":{"line":5,"column":18}},"loc":{"start":{"line":5,"column":43},"end":{"line":38,"column":1}},"line":5},"1":{"name":"(anonymous_1)","decl":{"start":{"line":12,"column":4},"end":{"line":12,"column":5}},"loc":{"start":{"line":12,"column":29},"end":{"line":24,"column":5}},"line":12}},"branchMap":{},"s":{"0":3,"1":3,"2":3,"3":3,"4":3,"5":3,"6":3,"7":3},"f":{"0":3,"1":3},"b":{},"_coverageSchema":"1a1c01bbd47fc00a2c39e90264f33305004495a9","hash":"0511f976857cfb490202eda9f5772b57ec5724e1"}
,"C:\\SoftwareDevelopment\\StudiIndependen_FullStackWeb\\CapstoneProject_Chap9_11\\backend-secondhand-kelompok2\\models\\profiles.js": {"path":"C:\\SoftwareDevelopment\\StudiIndependen_FullStackWeb\\CapstoneProject_Chap9_11\\backend-secondhand-kelompok2\\models\\profiles.js","statementMap":{"0":{"start":{"line":2,"column":18},"end":{"line":2,"column":38}},"1":{"start":{"line":3,"column":0},"end":{"line":41,"column":2}},"2":{"start":{"line":11,"column":6},"end":{"line":11,"column":35}},"3":{"start":{"line":13,"column":6},"end":{"line":15,"column":9}},"4":{"start":{"line":17,"column":6},"end":{"line":19,"column":9}},"5":{"start":{"line":26,"column":2},"end":{"line":39,"column":4}},"6":{"start":{"line":40,"column":2},"end":{"line":40,"column":18}}},"fnMap":{"0":{"name":"(anonymous_0)","decl":{"start":{"line":3,"column":17},"end":{"line":3,"column":18}},"loc":{"start":{"line":3,"column":43},"end":{"line":41,"column":1}},"line":3},"1":{"name":"(anonymous_1)","decl":{"start":{"line":10,"column":4},"end":{"line":10,"column":5}},"loc":{"start":{"line":10,"column":29},"end":{"line":24,"column":5}},"line":10}},"branchMap":{},"s":{"0":3,"1":3,"2":3,"3":3,"4":3,"5":3,"6":3},"f":{"0":3,"1":3},"b":{},"_coverageSchema":"1a1c01bbd47fc00a2c39e90264f33305004495a9","hash":"ab2f46acd9ffa23c30e6624973b8890701583da1"}
,"C:\\SoftwareDevelopment\\StudiIndependen_FullStackWeb\\CapstoneProject_Chap9_11\\backend-secondhand-kelompok2\\models\\transactions.js": {"path":"C:\\SoftwareDevelopment\\StudiIndependen_FullStackWeb\\CapstoneProject_Chap9_11\\backend-secondhand-kelompok2\\models\\transactions.js","statementMap":{"0":{"start":{"line":4,"column":4},"end":{"line":4,"column":24}},"1":{"start":{"line":5,"column":0},"end":{"line":28,"column":2}},"2":{"start":{"line":13,"column":6},"end":{"line":13,"column":38}},"3":{"start":{"line":15,"column":6},"end":{"line":15,"column":38}},"4":{"start":{"line":18,"column":2},"end":{"line":26,"column":5}},"5":{"start":{"line":27,"column":2},"end":{"line":27,"column":22}}},"fnMap":{"0":{"name":"(anonymous_0)","decl":{"start":{"line":5,"column":17},"end":{"line":5,"column":18}},"loc":{"start":{"line":5,"column":43},"end":{"line":28,"column":1}},"line":5},"1":{"name":"(anonymous_1)","decl":{"start":{"line":12,"column":4},"end":{"line":12,"column":5}},"loc":{"start":{"line":12,"column":29},"end":{"line":16,"column":5}},"line":12}},"branchMap":{},"s":{"0":3,"1":3,"2":3,"3":3,"4":3,"5":3},"f":{"0":3,"1":3},"b":{},"_coverageSchema":"1a1c01bbd47fc00a2c39e90264f33305004495a9","hash":"bbfb2ebf70056ee4718431f29ae77c4535336612"}
,"C:\\SoftwareDevelopment\\StudiIndependen_FullStackWeb\\CapstoneProject_Chap9_11\\backend-secondhand-kelompok2\\models\\users.js": {"path":"C:\\SoftwareDevelopment\\StudiIndependen_FullStackWeb\\CapstoneProject_Chap9_11\\backend-secondhand-kelompok2\\models\\users.js","statementMap":{"0":{"start":{"line":2,"column":18},"end":{"line":2,"column":38}},"1":{"start":{"line":3,"column":0},"end":{"line":30,"column":2}},"2":{"start":{"line":11,"column":6},"end":{"line":13,"column":9}},"3":{"start":{"line":16,"column":2},"end":{"line":28,"column":4}},"4":{"start":{"line":29,"column":2},"end":{"line":29,"column":15}}},"fnMap":{"0":{"name":"(anonymous_0)","decl":{"start":{"line":3,"column":17},"end":{"line":3,"column":18}},"loc":{"start":{"line":3,"column":43},"end":{"line":30,"column":1}},"line":3},"1":{"name":"(anonymous_1)","decl":{"start":{"line":10,"column":4},"end":{"line":10,"column":5}},"loc":{"start":{"line":10,"column":29},"end":{"line":14,"column":5}},"line":10}},"branchMap":{},"s":{"0":3,"1":3,"2":3,"3":3,"4":3},"f":{"0":3,"1":3},"b":{},"_coverageSchema":"1a1c01bbd47fc00a2c39e90264f33305004495a9","hash":"ae8c1f43b6d6b57c77e63935f05cb25a63dcdaa8"}
,"C:\\SoftwareDevelopment\\StudiIndependen_FullStackWeb\\CapstoneProject_Chap9_11\\backend-secondhand-kelompok2\\models\\wishlist.js": {"path":"C:\\SoftwareDevelopment\\StudiIndependen_FullStackWeb\\CapstoneProject_Chap9_11\\backend-secondhand-kelompok2\\models\\wishlist.js","statementMap":{"0":{"start":{"line":4,"column":4},"end":{"line":4,"column":24}},"1":{"start":{"line":5,"column":0},"end":{"line":26,"column":2}},"2":{"start":{"line":13,"column":6},"end":{"line":13,"column":38}},"3":{"start":{"line":17,"column":2},"end":{"line":24,"column":5}},"4":{"start":{"line":25,"column":2},"end":{"line":25,"column":18}}},"fnMap":{"0":{"name":"(anonymous_0)","decl":{"start":{"line":5,"column":17},"end":{"line":5,"column":18}},"loc":{"start":{"line":5,"column":43},"end":{"line":26,"column":1}},"line":5},"1":{"name":"(anonymous_1)","decl":{"start":{"line":12,"column":4},"end":{"line":12,"column":5}},"loc":{"start":{"line":12,"column":29},"end":{"line":15,"column":5}},"line":12}},"branchMap":{},"s":{"0":3,"1":3,"2":3,"3":3,"4":3},"f":{"0":3,"1":3},"b":{},"_coverageSchema":"1a1c01bbd47fc00a2c39e90264f33305004495a9","hash":"0a88ce08c760b1308e321e063680d47e9d168470"}
}
