TN:
SF:controllers\ProductController.js
FN:3,(anonymous_0)
FN:20,(anonymous_1)
FN:45,(anonymous_2)
FN:64,(anonymous_3)
FN:106,(anonymous_4)
FN:137,(anonymous_5)
FN:151,(anonymous_6)
FN:166,(anonymous_7)
FN:192,(anonymous_8)
FN:211,(anonymous_9)
FN:235,(anonymous_10)
FN:259,(anonymous_11)
FNF:12
FNH:11
FNDA:2,(anonymous_0)
FNDA:2,(anonymous_1)
FNDA:2,(anonymous_2)
FNDA:1,(anonymous_3)
FNDA:2,(anonymous_4)
FNDA:2,(anonymous_5)
FNDA:2,(anonymous_6)
FNDA:2,(anonymous_7)
FNDA:0,(anonymous_8)
FNDA:2,(anonymous_9)
FNDA:2,(anonymous_10)
FNDA:3,(anonymous_11)
DA:1,1
DA:3,1
DA:4,2
DA:5,2
DA:8,1
DA:14,2
DA:20,1
DA:21,2
DA:22,2
DA:23,2
DA:33,1
DA:39,2
DA:45,1
DA:46,2
DA:47,2
DA:48,2
DA:49,2
DA:52,0
DA:58,2
DA:64,1
DA:70,1
DA:71,1
DA:72,1
DA:73,1
DA:74,1
DA:75,1
DA:76,0
DA:77,0
DA:80,0
DA:81,0
DA:86,0
DA:94,0
DA:100,1
DA:106,1
DA:107,2
DA:113,2
DA:114,2
DA:115,2
DA:116,2
DA:119,2
DA:126,0
DA:131,2
DA:137,1
DA:138,2
DA:139,2
DA:140,2
DA:143,1
DA:145,2
DA:151,1
DA:152,2
DA:153,2
DA:154,1
DA:160,2
DA:166,1
DA:167,2
DA:168,2
DA:169,2
DA:170,2
DA:175,2
DA:180,0
DA:186,2
DA:192,1
DA:193,0
DA:194,0
DA:195,0
DA:200,0
DA:205,0
DA:211,1
DA:212,2
DA:213,2
DA:214,2
DA:223,1
DA:229,2
DA:235,1
DA:236,2
DA:237,2
DA:238,2
DA:247,1
DA:253,2
DA:259,1
DA:260,3
DA:267,1
LF:82
LH:68
BRDA:80,0,0,0
BRDA:80,0,1,0
BRF:2
BRH:0
end_of_record
TN:
SF:controllers\TransactionController.js
FN:10,(anonymous_0)
FN:40,(anonymous_1)
FN:69,(anonymous_2)
FN:95,(anonymous_3)
FN:121,(anonymous_4)
FN:149,(anonymous_5)
FN:184,(anonymous_6)
FN:203,(anonymous_7)
FN:222,(anonymous_8)
FN:241,(anonymous_9)
FNF:10
FNH:9
FNDA:2,(anonymous_0)
FNDA:2,(anonymous_1)
FNDA:2,(anonymous_2)
FNDA:2,(anonymous_3)
FNDA:2,(anonymous_4)
FNDA:3,(anonymous_5)
FNDA:2,(anonymous_6)
FNDA:2,(anonymous_7)
FNDA:0,(anonymous_8)
FNDA:4,(anonymous_9)
DA:1,1
DA:3,1
DA:10,1
DA:11,2
DA:13,2
DA:14,2
DA:23,1
DA:28,1
DA:34,2
DA:40,1
DA:41,2
DA:43,2
DA:44,2
DA:57,1
DA:63,2
DA:69,1
DA:70,2
DA:72,2
DA:73,2
DA:83,1
DA:89,2
DA:95,1
DA:96,2
DA:98,2
DA:99,2
DA:109,1
DA:115,2
DA:121,1
DA:122,2
DA:124,2
DA:125,2
DA:137,1
DA:143,2
DA:149,1
DA:150,3
DA:151,3
DA:152,3
DA:154,3
DA:155,3
DA:160,3
DA:161,0
DA:166,3
DA:172,3
DA:178,3
DA:184,1
DA:185,2
DA:187,2
DA:188,2
DA:189,1
DA:192,0
DA:197,2
DA:203,1
DA:204,2
DA:206,2
DA:207,2
DA:208,2
DA:211,0
DA:216,2
DA:222,1
DA:223,0
DA:225,0
DA:226,0
DA:227,0
DA:230,0
DA:235,0
DA:241,1
DA:242,4
DA:249,1
LF:68
LH:59
BRDA:160,0,0,0
BRDA:160,0,1,3
BRDA:160,1,0,3
BRDA:160,1,1,3
BRF:4
BRH:3
end_of_record
TN:
SF:controllers\UserController.js
FN:5,(anonymous_0)
FN:30,(anonymous_1)
FN:68,(anonymous_2)
FN:114,(anonymous_3)
FN:148,(anonymous_4)
FN:160,(anonymous_5)
FN:186,(anonymous_6)
FN:228,(anonymous_7)
FNF:8
FNH:8
FNDA:2,(anonymous_0)
FNDA:3,(anonymous_1)
FNDA:4,(anonymous_2)
FNDA:4,(anonymous_3)
FNDA:3,(anonymous_4)
FNDA:2,(anonymous_5)
FNDA:3,(anonymous_6)
FNDA:4,(anonymous_7)
DA:1,1
DA:2,1
DA:3,1
DA:5,1
DA:6,2
DA:7,2
DA:15,1
DA:16,1
DA:22,1
DA:30,1
DA:31,3
DA:32,3
DA:33,3
DA:44,2
DA:45,1
DA:46,1
DA:51,1
DA:52,1
DA:59,1
DA:60,1
DA:68,1
DA:69,4
DA:70,4
DA:71,1
DA:72,1
DA:74,3
DA:75,3
DA:76,3
DA:77,3
DA:82,3
DA:83,1
DA:84,1
DA:89,2
DA:94,1
DA:98,1
DA:99,1
DA:105,1
DA:106,1
DA:114,1
DA:115,4
DA:116,4
DA:121,3
DA:122,1
DA:123,1
DA:128,2
DA:129,2
DA:130,1
DA:131,1
DA:136,1
DA:137,1
DA:139,1
DA:140,1
DA:148,1
DA:149,3
DA:150,3
DA:152,0
DA:160,1
DA:161,2
DA:162,2
DA:163,2
DA:164,1
DA:167,1
DA:168,0
DA:169,0
DA:170,0
DA:171,0
DA:177,1
DA:178,1
DA:186,1
DA:187,3
DA:188,3
DA:189,3
DA:190,3
DA:191,3
DA:192,3
DA:198,0
DA:206,0
DA:212,0
DA:213,0
DA:219,0
DA:220,0
DA:228,1
DA:229,4
DA:230,4
DA:231,4
DA:232,1
DA:233,1
DA:235,3
DA:236,3
DA:237,3
DA:239,0
DA:247,0
DA:250,0
DA:251,0
DA:257,0
DA:258,0
DA:266,1
LF:97
LH:80
BRDA:44,0,0,1
BRDA:44,0,1,1
BRDA:70,1,0,1
BRDA:70,1,1,3
BRDA:70,2,0,4
BRDA:70,2,1,3
BRDA:70,2,2,3
BRDA:70,2,3,3
BRDA:82,3,0,1
BRDA:82,3,1,2
BRDA:121,4,0,1
BRDA:121,4,1,2
BRDA:129,5,0,1
BRDA:129,5,1,1
BRDA:163,6,0,1
BRDA:163,6,1,1
BRDA:190,7,0,3
BRDA:190,7,1,0
BRDA:231,8,0,1
BRDA:231,8,1,3
BRDA:235,9,0,3
BRDA:235,9,1,0
BRF:22
BRH:20
end_of_record
TN:
SF:models\categories.js
FN:5,(anonymous_0)
FN:12,(anonymous_1)
FNF:2
FNH:2
FNDA:3,(anonymous_0)
FNDA:3,(anonymous_1)
DA:4,3
DA:5,3
DA:13,3
DA:18,3
DA:24,3
LF:5
LH:5
BRF:0
BRH:0
end_of_record
TN:
SF:models\products.js
FN:5,(anonymous_0)
FN:12,(anonymous_1)
FNF:2
FNH:2
FNDA:3,(anonymous_0)
FNDA:3,(anonymous_1)
DA:4,3
DA:5,3
DA:13,3
DA:15,3
DA:17,3
DA:21,3
DA:26,3
DA:37,3
LF:8
LH:8
BRF:0
BRH:0
end_of_record
TN:
SF:models\profiles.js
FN:3,(anonymous_0)
FN:10,(anonymous_1)
FNF:2
FNH:2
FNDA:3,(anonymous_0)
FNDA:3,(anonymous_1)
DA:2,3
DA:3,3
DA:11,3
DA:13,3
DA:17,3
DA:26,3
DA:40,3
LF:7
LH:7
BRF:0
BRH:0
end_of_record
TN:
SF:models\transactions.js
FN:5,(anonymous_0)
FN:12,(anonymous_1)
FNF:2
FNH:2
FNDA:3,(anonymous_0)
FNDA:3,(anonymous_1)
DA:4,3
DA:5,3
DA:13,3
DA:15,3
DA:18,3
DA:27,3
LF:6
LH:6
BRF:0
BRH:0
end_of_record
TN:
SF:models\users.js
FN:3,(anonymous_0)
FN:10,(anonymous_1)
FNF:2
FNH:2
FNDA:3,(anonymous_0)
FNDA:3,(anonymous_1)
DA:2,3
DA:3,3
DA:11,3
DA:16,3
DA:29,3
LF:5
LH:5
BRF:0
BRH:0
end_of_record
TN:
SF:models\wishlist.js
FN:5,(anonymous_0)
FN:12,(anonymous_1)
FNF:2
FNH:2
FNDA:3,(anonymous_0)
FNDA:3,(anonymous_1)
DA:4,3
DA:5,3
DA:13,3
DA:17,3
DA:25,3
LF:5
LH:5
BRF:0
BRH:0
end_of_record
